number,value,datetime_start,datetime_complete,duration,params_ADX,params_ATR,params_Bollinger Bands,params_CCI,params_Donchian,params_Force Index,params_Keltner,params_MA20,params_MA5,params_MACD,params_Momentum,params_MomentumBBL,params_OBV,params_PPO,params_PSAR,params_ROC,params_RSI,params_SL,params_SO,params_TP,params_TSI,params_UO,params_VWAP,params_Volume_MA,params_Vortex,params_Williams R,params_min_signals,state
0,-0.5144445761050096,2024-09-29 05:22:02.407920,2024-09-29 12:31:13.172255,0 days 07:09:10.764335,False,False,False,False,True,False,True,False,False,True,False,True,True,False,False,True,False,4.0,False,2.5,False,True,True,False,True,False,2,COMPLETE
1,-0.2623312059445763,2024-09-29 05:22:02.409417,2024-09-29 12:27:51.559482,0 days 07:05:49.150065,True,True,False,True,False,False,False,False,True,False,True,False,True,True,True,True,False,2.5,False,4.0,True,True,True,True,True,False,4,COMPLETE
2,-1.2313028409905373,2024-09-29 05:22:02.413700,2024-09-29 12:27:03.520816,0 days 07:05:01.107116,True,False,True,False,False,False,True,True,True,False,True,False,True,True,True,False,False,4.0,True,2.0,False,False,False,True,False,True,1,COMPLETE
3,-0.27752877114845215,2024-09-29 05:22:02.419807,2024-09-29 12:26:36.648686,0 days 07:04:34.228879,True,True,True,False,True,False,False,False,False,False,False,False,False,True,True,False,False,1.5,True,5.0,False,True,False,False,True,False,1,COMPLETE
4,-0.42557778626375703,2024-09-29 05:22:02.423671,2024-09-29 12:25:57.942973,0 days 07:03:55.519302,False,False,True,True,True,False,True,True,True,False,True,False,False,True,False,False,True,4.0,True,5.0,True,True,True,False,True,True,1,COMPLETE
5,-1.0421640116426718,2024-09-29 05:22:02.427124,2024-09-29 12:27:54.579960,0 days 07:05:52.152836,True,False,False,True,False,False,True,True,True,False,False,True,False,False,True,True,False,3.5,True,2.0,False,False,False,False,True,True,1,COMPLETE
6,-0.3166377203782356,2024-09-29 05:22:02.431377,2024-09-29 12:31:34.123610,0 days 07:09:31.692233,True,True,False,True,False,True,True,True,True,False,False,True,False,False,True,False,True,2.0,False,4.0,False,True,True,False,False,False,5,COMPLETE
7,-0.9045824956992085,2024-09-29 05:22:02.435786,2024-09-29 12:32:09.544089,0 days 07:10:07.108303,False,False,False,False,False,True,False,False,True,True,True,True,False,False,True,False,True,3.0,True,1.5,False,True,True,False,False,False,1,COMPLETE
8,-0.6504494067625345,2024-09-29 05:22:02.450621,2024-09-29 12:28:39.732708,0 days 07:06:37.282087,False,False,False,False,True,False,False,False,False,False,False,True,True,True,True,False,False,5.0,False,3.5,False,True,True,True,True,False,4,COMPLETE
9,0.0722174164742243,2024-09-29 05:22:02.456738,2024-09-29 12:11:17.636038,0 days 06:49:15.179300,True,False,True,False,False,True,True,True,False,False,True,False,False,True,True,True,True,1.5,False,4.5,True,True,False,True,False,False,1,COMPLETE
10,-0.8910335421034661,2024-09-29 05:22:02.467313,2024-09-29 12:27:29.951602,0 days 07:05:27.484289,True,True,False,True,False,True,False,False,True,False,True,True,True,True,True,False,True,4.5,True,1.5,True,True,True,True,False,False,3,COMPLETE
11,-0.8861906993492022,2024-09-29 05:22:02.474870,2024-09-29 12:26:52.036055,0 days 07:04:49.561185,False,False,True,True,False,False,True,False,True,False,True,False,False,False,False,False,False,3.5,True,1.5,True,False,True,True,True,True,2,COMPLETE
12,-0.940352321144813,2024-09-29 05:22:02.494976,2024-09-29 12:28:34.371749,0 days 07:06:31.876773,True,False,True,False,False,False,False,True,True,False,True,True,False,True,True,True,True,3.5,True,2.0,False,False,False,True,False,False,3,COMPLETE
13,-0.4434351536007105,2024-09-29 05:22:02.518424,2024-09-29 12:27:28.143317,0 days 07:05:25.624893,True,False,True,False,False,True,True,True,True,True,False,True,True,False,False,False,True,4.5,True,5.0,True,False,True,True,True,False,1,COMPLETE
14,-1.3038004728590975,2024-09-29 05:22:02.567319,2024-09-29 12:28:41.889517,0 days 07:06:39.322198,False,False,True,False,False,True,False,False,True,True,True,True,False,True,True,True,True,4.5,False,2.5,True,False,False,True,False,True,5,COMPLETE
15,-0.9490002694484352,2024-09-29 05:22:02.579702,2024-09-29 12:31:21.149971,0 days 07:09:18.570269,False,False,True,True,True,False,False,True,False,False,False,False,True,True,True,False,True,3.5,False,1.0,True,True,True,True,False,False,5,COMPLETE
16,-0.658221796439239,2024-09-29 05:22:02.624821,2024-09-29 12:29:40.022181,0 days 07:07:37.397360,True,False,True,True,False,True,False,True,True,False,True,True,True,False,True,True,False,2.5,False,3.0,False,False,False,False,True,True,1,COMPLETE
17,-0.5268894650548103,2024-09-29 05:22:02.628158,2024-09-29 12:28:20.492948,0 days 07:06:17.864790,False,True,True,False,True,False,False,True,True,False,True,True,True,False,False,False,True,1.5,True,3.5,True,True,True,False,False,False,1,COMPLETE
18,-1.1552532760840637,2024-09-29 05:22:02.644515,2024-09-29 12:26:44.332119,0 days 07:04:41.687604,True,True,False,False,True,True,False,True,True,True,False,False,True,True,False,True,False,5.0,True,5.0,False,True,False,False,False,True,1,COMPLETE
19,-1.4024006471975219,2024-09-29 05:22:02.658820,2024-09-29 12:28:48.239321,0 days 07:06:45.580501,True,False,True,False,True,False,True,False,True,True,True,False,True,True,True,False,False,4.5,True,1.0,False,False,False,False,True,True,2,COMPLETE
20,-0.7716935794877027,2024-09-29 05:22:02.742341,2024-09-29 12:27:10.950200,0 days 07:05:08.207859,False,True,True,False,False,True,False,True,False,False,True,True,False,True,True,False,False,4.5,False,1.0,False,True,False,False,False,False,1,COMPLETE
21,-1.0220518004044674,2024-09-29 05:22:02.792578,2024-09-29 12:48:28.159911,0 days 07:26:25.367333,False,False,True,False,False,True,False,False,True,True,True,True,True,True,True,False,True,4.5,True,5.0,True,False,False,False,True,True,3,COMPLETE
22,-0.6928071791399757,2024-09-29 05:22:02.806747,2024-09-29 12:48:52.319551,0 days 07:26:49.512804,False,True,False,True,True,True,True,True,True,False,False,True,True,False,False,True,True,4.5,True,4.5,False,True,True,True,False,False,2,COMPLETE
23,-0.6840608343319521,2024-09-29 05:22:02.857385,2024-09-29 12:50:05.585282,0 days 07:28:02.727897,True,False,True,False,False,True,False,True,True,True,True,True,True,False,True,False,False,5.0,False,4.0,True,True,True,False,False,False,2,COMPLETE
24,-1.1183466600456802,2024-09-29 05:22:02.861932,2024-09-29 12:49:03.419895,0 days 07:27:00.557963,False,False,False,False,True,False,False,False,False,True,True,False,True,False,False,True,False,4.5,True,1.5,True,True,False,True,True,True,2,COMPLETE
25,-0.6748008939499692,2024-09-29 05:22:02.880540,2024-09-29 12:48:11.126911,0 days 07:26:08.246371,True,False,False,True,True,True,False,False,False,False,False,False,True,False,True,True,True,1.0,False,1.5,False,True,True,True,False,False,2,COMPLETE
26,-0.29574257599264575,2024-09-29 05:22:02.901158,2024-09-29 12:48:25.909844,0 days 07:26:23.008686,True,False,False,True,False,False,True,True,False,False,True,True,True,False,False,True,True,1.0,False,3.5,True,False,True,True,False,True,2,COMPLETE
27,-1.100067778334221,2024-09-29 05:22:02.929072,2024-09-29 12:49:28.425925,0 days 07:27:25.496853,True,True,False,False,True,False,False,True,True,False,True,False,True,False,True,True,True,5.0,False,3.0,True,True,False,True,False,True,2,COMPLETE
28,-0.4059679482290828,2024-09-29 05:22:02.949420,2024-09-29 12:49:07.447837,0 days 07:27:04.498417,True,False,False,True,False,False,False,True,False,True,False,False,False,False,True,True,False,1.0,True,4.5,True,False,True,True,False,False,2,COMPLETE
29,-0.7667925782615881,2024-09-29 05:22:02.963456,2024-09-29 12:46:25.916865,0 days 07:24:22.953409,True,False,True,True,False,False,False,False,False,True,True,True,True,True,True,True,True,5.0,False,4.5,False,False,False,False,False,True,3,COMPLETE
30,-0.7213830625966076,2024-09-29 05:22:02.973950,2024-09-29 12:49:59.764848,0 days 07:27:56.790898,True,False,False,False,True,False,True,True,True,False,True,False,True,False,True,False,False,4.5,False,2.5,False,True,True,True,True,False,2,COMPLETE
31,-0.78984181245687,2024-09-29 05:22:02.995995,2024-09-29 12:46:19.759885,0 days 07:24:16.763890,True,False,False,False,True,True,False,True,False,False,True,False,True,False,False,True,False,3.0,True,2.5,True,True,True,False,True,True,1,COMPLETE
32,-0.6129181480602661,2024-09-29 05:22:03.008232,2024-09-29 12:50:04.258792,0 days 07:28:01.250560,True,False,True,True,True,False,False,True,False,True,True,False,True,False,False,True,False,1.5,True,2.0,True,False,False,True,True,False,5,COMPLETE
33,-0.04914597906144191,2024-09-29 05:22:03.013227,2024-09-29 12:50:17.887939,0 days 07:28:14.874712,False,False,False,True,False,True,True,True,False,False,False,False,True,False,False,False,False,1.5,False,4.0,False,False,False,False,True,False,3,COMPLETE
34,-0.663553375934723,2024-09-29 05:22:03.018987,2024-09-29 12:46:29.021363,0 days 07:24:26.002376,False,False,True,True,True,False,True,False,True,True,False,False,True,False,True,True,True,2.0,False,2.5,True,False,False,False,False,True,3,COMPLETE
35,-0.20063697351012988,2024-09-29 05:22:03.028870,2024-09-29 12:49:53.834639,0 days 07:27:50.805769,False,False,False,False,True,False,False,False,False,False,True,True,True,True,True,True,True,2.5,True,5.0,True,True,False,False,False,False,4,COMPLETE
36,-1.0519879078644792,2024-09-29 05:22:03.047237,2024-09-29 12:46:50.206568,0 days 07:24:47.159331,True,False,True,False,True,False,False,False,False,True,False,False,True,True,True,False,False,2.0,True,4.0,False,False,False,False,False,True,4,COMPLETE
37,-0.7267062721698376,2024-09-29 05:22:03.053498,2024-09-29 12:49:40.664612,0 days 07:27:37.611114,False,True,False,True,True,False,True,False,False,True,True,True,False,True,False,True,True,1.5,True,2.5,True,True,True,False,False,False,1,COMPLETE
38,-0.11544138105037532,2024-09-29 05:22:03.058289,2024-09-29 12:47:42.293121,0 days 07:25:39.234832,True,False,True,True,True,True,True,True,False,False,False,False,False,True,True,True,False,2.0,True,4.5,False,True,True,False,True,False,2,COMPLETE
39,-0.5550701557674677,2024-09-29 05:22:03.059803,2024-09-29 12:50:25.436704,0 days 07:28:22.376901,True,False,True,True,False,False,True,True,True,True,True,True,True,True,False,False,True,1.0,False,2.0,False,False,True,False,False,False,5,COMPLETE
40,-0.9383144968276963,2024-09-29 05:22:03.065706,2024-09-29 12:50:08.929391,0 days 07:28:05.863685,False,False,True,False,True,True,True,True,False,False,True,True,True,False,False,False,True,1.0,False,1.0,False,True,False,False,False,True,3,COMPLETE
41,-0.647854716674136,2024-09-29 05:22:03.074640,2024-09-29 12:49:36.026077,0 days 07:27:32.951437,False,True,True,False,False,True,False,False,False,True,True,False,False,True,True,True,True,2.5,False,3.0,False,True,False,False,False,False,1,COMPLETE
42,-0.532040212193777,2024-09-29 05:22:03.083927,2024-09-29 12:49:50.223281,0 days 07:27:47.139354,True,True,False,True,True,True,True,True,True,True,False,True,False,True,True,False,False,1.5,True,3.0,False,False,False,True,True,False,2,COMPLETE
43,-0.6052962675018223,2024-09-29 05:22:03.092528,2024-09-29 12:46:32.247419,0 days 07:24:29.154891,True,False,False,False,True,False,True,True,False,False,False,False,True,True,True,True,False,1.5,False,2.0,True,False,False,True,True,True,1,COMPLETE
44,-1.3812262676826663,2024-09-29 05:22:03.099353,2024-09-29 12:47:55.360912,0 days 07:25:52.261559,False,True,True,False,False,True,True,False,True,False,False,False,True,True,True,False,True,4.5,True,2.5,True,False,True,True,False,True,1,COMPLETE
45,-0.20438576591379742,2024-09-29 05:22:03.100748,2024-09-29 12:49:36.500841,0 days 07:27:33.400093,False,False,True,True,True,False,False,False,False,False,True,False,False,True,False,False,False,3.0,True,5.0,True,False,True,False,True,False,3,COMPLETE
46,-0.7478266691586779,2024-09-29 05:22:03.112191,2024-09-29 12:50:02.610689,0 days 07:27:59.498498,False,True,True,False,True,True,False,True,False,False,False,True,True,False,True,False,False,1.0,True,1.5,False,False,False,True,True,False,3,COMPLETE
47,-1.1866406200175381,2024-09-29 05:22:03.113645,2024-09-29 12:50:13.583189,0 days 07:28:10.469544,True,True,False,True,True,False,False,True,False,True,False,True,False,True,False,True,False,2.5,True,2.0,True,False,True,False,False,False,2,COMPLETE
48,-0.1655311168241964,2024-09-29 05:22:03.122884,2024-09-29 12:49:29.365832,0 days 07:27:26.242948,False,True,True,True,True,False,True,True,False,True,True,True,False,True,True,False,False,1.0,True,5.0,False,True,False,False,True,False,4,COMPLETE
49,-0.6327454479018537,2024-09-29 05:22:03.126432,2024-09-29 12:46:53.460263,0 days 07:24:50.333831,False,False,True,False,False,True,True,True,False,True,False,True,False,True,False,True,False,1.5,True,2.0,True,False,False,False,False,True,1,COMPLETE
50,-0.7035226600502189,2024-09-29 05:22:03.130258,2024-09-29 12:49:55.000125,0 days 07:27:51.869867,False,False,True,True,True,True,False,True,True,True,False,True,False,True,False,True,False,1.0,True,1.0,False,True,True,False,True,False,2,COMPLETE
51,0.02488696325315476,2024-09-29 05:22:03.131913,2024-09-29 12:47:57.403657,0 days 07:25:54.271744,True,False,False,True,True,False,True,False,False,True,False,False,False,True,True,False,False,3.5,False,5.0,True,False,False,True,False,True,4,COMPLETE
52,-0.903535357844474,2024-09-29 05:22:03.134720,2024-09-29 12:23:54.630514,0 days 07:01:51.495794,True,True,True,False,False,False,True,True,True,True,False,False,False,True,True,False,True,4.0,True,3.5,False,True,False,True,True,True,4,COMPLETE
53,-0.6477873258522351,2024-09-29 05:22:03.137440,2024-09-29 12:50:00.315551,0 days 07:27:57.178111,True,False,True,False,False,False,False,False,True,False,False,True,False,False,False,True,True,4.5,True,4.0,False,True,True,False,False,False,5,COMPLETE
54,0.2427838164809364,2024-09-29 05:22:03.140614,2024-09-29 12:50:22.028964,0 days 07:28:18.888350,True,False,True,False,False,True,True,False,True,True,True,True,False,True,False,True,False,1.5,False,5.0,True,False,False,True,False,False,2,COMPLETE
55,-1.6082615665241053,2024-09-29 05:22:03.153656,2024-09-29 12:50:09.292767,0 days 07:28:06.139111,False,False,True,False,False,True,False,False,True,True,False,True,True,True,True,True,True,2.5,True,1.0,False,True,False,True,False,True,4,COMPLETE
56,-0.8318432928454486,2024-09-29 05:22:03.156744,2024-09-29 12:48:08.939239,0 days 07:26:05.782495,False,True,True,False,False,True,False,True,True,False,True,True,False,False,False,False,False,1.5,True,2.5,False,True,True,False,True,True,2,COMPLETE
57,-0.4514259015391413,2024-09-29 05:22:03.165089,2024-09-29 12:49:25.141456,0 days 07:27:21.976367,True,True,False,False,False,False,True,True,False,False,True,True,True,True,False,True,True,1.0,True,3.0,False,False,False,True,True,False,1,COMPLETE
58,-1.0177270516416022,2024-09-29 05:22:03.170749,2024-09-29 12:49:47.306127,0 days 07:27:44.135378,True,False,False,True,True,True,False,True,False,True,True,True,False,False,True,True,False,3.0,True,1.5,True,True,False,False,False,True,4,COMPLETE
59,-0.9395782049086453,2024-09-29 05:22:03.175905,2024-09-29 12:49:03.156389,0 days 07:26:59.980484,False,True,True,True,False,True,False,True,True,False,False,False,True,True,True,True,False,5.0,True,2.0,False,True,True,True,True,False,5,COMPLETE
60,-0.5086175658171646,2024-09-29 05:22:03.178732,2024-09-29 12:49:48.590384,0 days 07:27:45.411652,False,False,True,True,False,True,True,True,True,False,True,True,True,False,False,False,True,1.5,False,2.0,True,True,False,False,True,False,5,COMPLETE
61,-1.7777028548740141,2024-09-29 05:22:03.183376,2024-09-29 12:50:01.368153,0 days 07:27:58.184777,False,False,True,False,False,False,False,False,True,True,True,False,True,False,True,True,False,5.0,False,1.5,True,False,False,False,False,False,4,COMPLETE
62,-0.8537060649147414,2024-09-29 05:22:03.187580,2024-09-29 12:50:14.879872,0 days 07:28:11.692292,False,True,False,True,True,False,True,True,True,False,True,False,False,False,False,True,True,2.0,True,2.0,False,True,True,True,True,False,3,COMPLETE
63,-0.5896263653816026,2024-09-29 05:22:03.217295,2024-09-29 12:48:33.860820,0 days 07:26:30.643525,True,True,False,True,True,False,True,True,False,False,False,True,False,False,False,True,False,2.5,False,2.5,True,False,True,False,True,False,1,COMPLETE
64,-0.7802965131925268,2024-09-29 05:22:03.221323,2024-09-29 12:47:56.557104,0 days 07:25:53.335781,True,True,False,True,True,False,True,True,True,True,True,False,True,False,True,True,False,3.0,False,2.0,False,False,False,True,True,True,1,COMPLETE
65,-0.26297471248154186,2024-09-29 05:22:03.222233,2024-09-29 12:50:09.522871,0 days 07:28:06.300638,True,False,False,False,False,True,True,False,False,False,False,True,False,True,True,False,True,3.0,True,3.5,True,False,False,False,True,False,1,COMPLETE
66,-0.4711811481096302,2024-09-29 05:22:03.231505,2024-09-29 12:50:19.139284,0 days 07:28:15.907779,True,False,True,False,True,True,False,True,False,True,False,True,False,True,True,True,True,4.0,False,3.0,False,False,False,False,False,False,4,COMPLETE
67,-0.6892630776818742,2024-09-29 05:22:03.239585,2024-09-29 12:50:10.663601,0 days 07:28:07.424016,True,False,True,False,True,False,True,True,False,True,True,False,True,False,False,True,False,1.0,True,1.0,True,True,True,True,True,False,4,COMPLETE
68,-0.2456876142001183,2024-09-29 05:22:03.244282,2024-09-29 12:50:22.041234,0 days 07:28:18.796952,False,False,True,True,True,False,True,False,True,False,False,True,True,False,True,True,False,2.5,False,4.0,True,False,True,True,True,True,5,COMPLETE
69,-1.0432102683841569,2024-09-29 05:22:03.256494,2024-09-29 12:49:20.304394,0 days 07:27:17.047900,False,True,True,True,True,True,False,True,False,True,False,False,True,True,False,True,False,4.0,True,3.0,True,True,True,False,False,True,5,COMPLETE
70,-0.6324529497694154,2024-09-29 05:22:03.261571,2024-09-29 12:49:07.421630,0 days 07:27:04.160059,True,True,False,False,False,True,True,False,True,False,False,False,False,True,False,False,True,3.5,True,4.5,False,True,True,False,False,True,5,COMPLETE
71,-0.7053977688434709,2024-09-29 05:22:03.265429,2024-09-29 12:50:19.728665,0 days 07:28:16.463236,True,True,True,False,True,False,False,False,False,False,False,True,True,False,False,True,True,2.0,True,3.0,True,True,False,True,False,False,3,COMPLETE
72,-0.43496935193032393,2024-09-29 05:22:03.270665,2024-09-29 12:49:23.743976,0 days 07:27:20.473311,True,True,False,True,False,True,True,False,False,False,True,False,True,True,False,False,False,2.5,False,3.5,False,True,True,False,False,False,3,COMPLETE
73,-0.5126522212671197,2024-09-29 05:22:03.273168,2024-09-29 12:50:25.361092,0 days 07:28:22.087924,True,False,True,False,False,False,False,True,True,True,True,False,False,True,True,True,True,1.5,True,3.0,True,False,False,True,True,False,3,COMPLETE
74,-0.6716038669260052,2024-09-29 05:22:03.277105,2024-09-29 12:50:20.923099,0 days 07:28:17.645994,True,True,False,False,True,True,True,True,False,False,False,True,False,False,False,False,False,2.5,False,3.0,False,False,False,True,False,False,5,COMPLETE
75,-0.305081671630518,2024-09-29 05:22:03.281527,2024-09-29 12:49:48.764633,0 days 07:27:45.483106,True,True,False,True,False,False,True,True,False,False,True,False,True,True,False,False,True,3.5,False,4.5,True,False,True,False,True,True,4,COMPLETE
76,-1.0107814545147815,2024-09-29 05:22:03.283607,2024-09-29 12:48:45.475243,0 days 07:26:42.191636,True,False,True,True,True,False,True,True,False,True,False,True,True,False,True,True,False,4.5,True,3.0,True,True,True,False,True,True,4,COMPLETE
77,-0.9863064976565616,2024-09-29 05:22:03.286154,2024-09-29 12:50:13.505355,0 days 07:28:10.219201,False,False,True,False,True,True,False,True,True,False,False,True,True,True,True,False,True,4.0,False,1.0,False,True,True,False,True,True,4,COMPLETE
78,-0.8775082744264577,2024-09-29 05:22:03.322939,2024-09-29 12:49:11.746813,0 days 07:27:08.423874,True,True,True,True,False,True,True,True,True,False,False,True,False,False,True,True,True,1.0,True,4.5,True,True,True,False,True,True,2,COMPLETE
79,-1.029151231478369,2024-09-29 05:22:03.327969,2024-09-29 12:48:31.633334,0 days 07:26:28.305365,False,True,False,False,False,False,True,True,False,True,False,True,True,False,True,True,True,2.5,False,2.0,False,False,True,True,False,True,1,COMPLETE
80,-0.539919765941975,2024-09-29 05:22:03.341845,2024-09-29 12:49:17.396828,0 days 07:27:14.054983,False,False,True,True,True,False,False,True,True,True,True,True,True,False,False,False,False,2.0,True,3.0,True,True,False,True,False,False,1,COMPLETE
81,0.057492946825717706,2024-09-29 05:22:03.355233,2024-09-29 12:50:13.843559,0 days 07:28:10.488326,False,False,True,True,False,False,True,False,False,False,False,False,True,False,True,True,True,1.5,False,5.0,False,False,False,False,True,False,1,COMPLETE
82,-0.5213828896912676,2024-09-29 05:22:03.360520,2024-09-29 12:49:37.453434,0 days 07:27:34.092914,False,True,True,False,False,False,True,False,True,True,False,True,False,True,False,True,True,1.0,False,3.5,True,True,False,True,False,False,3,COMPLETE
83,-0.6891684045593971,2024-09-29 05:22:03.364794,2024-09-29 12:49:43.781354,0 days 07:27:40.416560,False,False,False,False,True,False,False,True,True,True,False,False,True,True,True,True,False,2.5,False,4.5,False,False,False,False,False,True,3,COMPLETE
