number,value,datetime_start,datetime_complete,duration,params_ADX,params_ATR,params_Bollinger Bands,params_CCI,params_Donchian,params_Force Index,params_Keltner,params_MA20,params_MA5,params_MACD,params_Momentum,params_MomentumBBL,params_OBV,params_PPO,params_PSAR,params_ROC,params_RSI,params_SL,params_SO,params_TP,params_TSI,params_UO,params_VWAP,params_Volume_MA,params_Vortex,params_Williams R,params_min_signals,state
84,-0.49371959519450187,2024-09-29 05:22:03.375737,2024-09-29 12:49:58.491321,0 days 07:27:55.115584,True,False,False,False,False,False,True,False,False,False,True,True,False,True,True,False,False,2.5,True,5.0,True,False,False,True,True,True,1,COMPLETE
85,-1.018330452335438,2024-09-29 05:22:03.378565,2024-09-29 12:49:48.452930,0 days 07:27:45.074365,True,False,False,False,True,True,True,False,True,False,False,True,False,True,True,False,True,4.5,True,2.0,True,False,True,True,True,False,1,COMPLETE
86,-0.3941664423672762,2024-09-29 05:22:03.385035,2024-09-29 12:50:07.367856,0 days 07:28:03.982821,True,False,False,False,False,False,False,False,False,True,True,True,True,True,False,True,True,1.5,False,5.0,True,True,False,False,False,True,2,COMPLETE
87,-0.9691911519404217,2024-09-29 05:22:03.388711,2024-09-29 12:49:36.569725,0 days 07:27:33.181014,False,True,False,False,True,False,False,True,False,True,True,False,False,False,False,False,True,1.5,False,1.5,False,True,True,True,True,True,2,COMPLETE
88,-0.8546386594523294,2024-09-29 05:22:03.392346,2024-09-29 12:50:07.424616,0 days 07:28:04.032270,False,False,True,True,True,False,True,True,True,False,False,False,False,True,True,True,False,4.0,False,1.0,False,True,True,False,True,False,2,COMPLETE
89,-1.5269094168374238,2024-09-29 05:22:03.433647,2024-09-29 12:48:59.019970,0 days 07:26:55.586323,False,True,False,False,False,False,False,True,True,False,True,True,True,False,True,True,False,2.5,False,1.0,False,True,False,False,False,True,2,COMPLETE
90,-1.4840132361494864,2024-09-29 05:22:03.491352,2024-09-29 12:49:07.036213,0 days 07:27:03.544861,True,True,False,True,False,True,False,False,False,True,False,False,True,True,True,True,True,3.5,True,2.0,True,True,True,False,True,True,5,COMPLETE
91,-0.8760546284872965,2024-09-29 05:22:03.498417,2024-09-29 12:49:47.130372,0 days 07:27:43.631955,False,False,True,True,False,False,True,False,True,False,False,True,True,True,True,True,False,3.0,True,1.0,True,False,True,True,False,False,5,COMPLETE
92,-0.33896925320470817,2024-09-29 05:22:03.645840,2024-09-29 12:48:35.684701,0 days 07:26:32.038861,True,False,True,False,True,False,False,False,True,False,True,True,False,True,False,True,True,1.5,False,2.5,True,True,True,False,True,True,2,COMPLETE
93,-1.1561841485484816,2024-09-29 05:22:03.901614,2024-09-29 12:49:27.444933,0 days 07:27:23.543319,False,True,False,False,True,True,True,True,True,True,False,False,False,True,False,False,True,4.0,True,2.0,True,True,False,False,True,True,4,COMPLETE
94,-0.9811376726425016,2024-09-29 05:22:03.930840,2024-09-29 12:49:22.877550,0 days 07:27:18.946710,False,False,True,True,True,True,False,False,False,True,True,False,False,True,False,True,False,4.0,True,2.0,True,True,True,False,True,True,3,COMPLETE
95,-1.2835471106005203,2024-09-29 05:22:03.988399,2024-09-29 12:48:14.621015,0 days 07:26:10.632616,True,True,False,True,True,True,False,True,True,False,True,False,True,True,False,False,False,3.5,False,1.0,False,True,False,False,False,True,2,COMPLETE
96,-0.4082238981936608,2024-09-29 05:22:04.113117,2024-09-29 12:48:57.191419,0 days 07:26:53.078302,True,False,True,True,False,True,True,False,False,True,False,True,True,False,False,True,True,4.0,True,4.5,False,True,False,True,True,True,1,COMPLETE
97,-0.6293533902728176,2024-09-29 05:22:04.609262,2024-09-29 12:50:14.469214,0 days 07:28:09.859952,True,False,True,False,False,True,True,True,False,False,True,True,True,True,False,True,False,2.5,False,1.5,False,True,False,False,True,False,4,COMPLETE
98,-0.16648156090311783,2024-09-29 05:22:04.790020,2024-09-29 12:47:26.031409,0 days 07:25:21.241389,True,False,True,False,False,False,True,False,False,False,True,True,False,True,True,False,True,3.0,False,4.0,True,False,True,False,True,True,3,COMPLETE
99,-0.1584842236974658,2024-09-29 05:22:04.936957,2024-09-29 12:50:23.495773,0 days 07:28:18.558816,False,False,True,False,False,False,True,False,False,False,False,False,False,False,True,False,True,3.5,True,3.5,False,True,False,True,False,False,5,COMPLETE
